<?xml version="1.0" encoding="UTF-8"?>
<coverage generated="1693994885551" clover="3.2.0">
  <project timestamp="1693994885551" name="All files">
    <metrics statements="29" coveredstatements="26" conditionals="9" coveredconditionals="7" methods="9" coveredmethods="8" elements="47" coveredelements="41" complexity="0" loc="29" ncloc="29" packages="3" files="4" classes="4"/>
    <package name="api">
      <metrics statements="5" coveredstatements="4" conditionals="0" coveredconditionals="0" methods="1" coveredmethods="1"/>
      <file name="login.js" path="/Users/adebolaaderemi-lateef/TNN/projects/mobileapps/simple-todo/api/login.js">
        <metrics statements="5" coveredstatements="4" conditionals="0" coveredconditionals="0" methods="1" coveredmethods="1"/>
        <line num="5" count="2" type="stmt"/>
        <line num="8" count="1" type="stmt"/>
        <line num="9" count="1" type="stmt"/>
        <line num="14" count="0" type="stmt"/>
        <line num="17" count="1" type="stmt"/>
      </file>
    </package>
    <package name="components">
      <metrics statements="1" coveredstatements="1" conditionals="0" coveredconditionals="0" methods="2" coveredmethods="1"/>
      <file name="MyButton.js" path="/Users/adebolaaderemi-lateef/TNN/projects/mobileapps/simple-todo/components/MyButton.js">
        <metrics statements="1" coveredstatements="1" conditionals="0" coveredconditionals="0" methods="2" coveredmethods="1"/>
        <line num="4" count="1" type="stmt"/>
      </file>
    </package>
    <package name="reduxStore">
      <metrics statements="23" coveredstatements="21" conditionals="9" coveredconditionals="7" methods="6" coveredmethods="6"/>
      <file name="actions.js" path="/Users/adebolaaderemi-lateef/TNN/projects/mobileapps/simple-todo/reduxStore/actions.js">
        <metrics statements="13" coveredstatements="13" conditionals="1" coveredconditionals="1" methods="4" coveredmethods="4"/>
        <line num="3" count="2" type="stmt"/>
        <line num="5" count="2" type="stmt"/>
        <line num="7" count="2" type="stmt"/>
        <line num="8" count="2" type="stmt"/>
        <line num="9" count="2" type="stmt"/>
        <line num="12" count="2" type="stmt"/>
        <line num="18" count="4" type="stmt"/>
        <line num="23" count="3" type="cond" truecount="1" falsecount="0"/>
        <line num="25" count="3" type="stmt"/>
        <line num="26" count="3" type="stmt"/>
        <line num="28" count="3" type="stmt"/>
        <line num="29" count="1" type="stmt"/>
        <line num="32" count="2" type="stmt"/>
      </file>
      <file name="reducer.js" path="/Users/adebolaaderemi-lateef/TNN/projects/mobileapps/simple-todo/reduxStore/reducer.js">
        <metrics statements="10" coveredstatements="8" conditionals="8" coveredconditionals="6" methods="2" coveredmethods="2"/>
        <line num="6" count="1" type="cond" truecount="1" falsecount="0"/>
        <line num="8" count="4" type="cond" truecount="2" falsecount="0"/>
        <line num="10" count="1" type="stmt"/>
        <line num="11" count="3" type="stmt"/>
        <line num="17" count="1" type="cond" truecount="1" falsecount="0"/>
        <line num="19" count="4" type="cond" truecount="2" falsecount="2"/>
        <line num="20" count="1" type="stmt"/>
        <line num="21" count="0" type="stmt"/>
        <line num="22" count="0" type="stmt"/>
        <line num="23" count="3" type="stmt"/>
      </file>
    </package>
  </project>
</coverage>
