{"/Users/adebolaaderemi-lateef/TNN/projects/mobileapps/simple-todo/api/login.js": {"path":"/Users/adebolaaderemi-lateef/TNN/projects/mobileapps/simple-todo/api/login.js","statementMap":{"0":{"start":{"line":5,"column":14},"end":{"line":21,"column":1}},"1":{"start":{"line":8,"column":4},"end":{"line":18,"column":5}},"2":{"start":{"line":9,"column":25},"end":{"line":12,"column":10}},"3":{"start":{"line":14,"column":9},"end":{"line":14,"column":35}},"4":{"start":{"line":17,"column":9},"end":{"line":17,"column":49}}},"fnMap":{"0":{"name":"(anonymous_0)","decl":{"start":{"line":5,"column":14},"end":{"line":5,"column":15}},"loc":{"start":{"line":5,"column":41},"end":{"line":21,"column":1}},"line":5}},"branchMap":{},"s":{"0":2,"1":1,"2":1,"3":0,"4":1},"f":{"0":1},"b":{},"_coverageSchema":"1a1c01bbd47fc00a2c39e90264f33305004495a9","hash":"ff048153a5385fda9af288b62190f4facde0803d"}
,"/Users/adebolaaderemi-lateef/TNN/projects/mobileapps/simple-todo/components/MyButton.js": {"path":"/Users/adebolaaderemi-lateef/TNN/projects/mobileapps/simple-todo/components/MyButton.js","statementMap":{"0":{"start":{"line":4,"column":17},"end":{"line":4,"column":63}},"1":{"start":{"line":4,"column":22},"end":{"line":4,"column":63}}},"fnMap":{"0":{"name":"(anonymous_0)","decl":{"start":{"line":4,"column":17},"end":{"line":4,"column":18}},"loc":{"start":{"line":4,"column":22},"end":{"line":4,"column":63}},"line":4},"1":{"name":"(anonymous_1)","decl":{"start":{"line":4,"column":54},"end":{"line":4,"column":55}},"loc":{"start":{"line":4,"column":58},"end":{"line":4,"column":60}},"line":4}},"branchMap":{},"s":{"0":1,"1":1},"f":{"0":1,"1":0},"b":{},"_coverageSchema":"1a1c01bbd47fc00a2c39e90264f33305004495a9","hash":"fe44d1a58156882710de29252b791f650a363425"}
,"/Users/adebolaaderemi-lateef/TNN/projects/mobileapps/simple-todo/reduxStore/actions.js": {"path":"/Users/adebolaaderemi-lateef/TNN/projects/mobileapps/simple-todo/reduxStore/actions.js","statementMap":{"0":{"start":{"line":3,"column":26},"end":{"line":3,"column":39}},"1":{"start":{"line":5,"column":28},"end":{"line":5,"column":41}},"2":{"start":{"line":7,"column":27},"end":{"line":7,"column":40}},"3":{"start":{"line":8,"column":32},"end":{"line":8,"column":50}},"4":{"start":{"line":9,"column":31},"end":{"line":9,"column":48}},"5":{"start":{"line":12,"column":26},"end":{"line":16,"column":2}},"6":{"start":{"line":12,"column":39},"end":{"line":16,"column":1}},"7":{"start":{"line":18,"column":26},"end":{"line":21,"column":2}},"8":{"start":{"line":18,"column":39},"end":{"line":21,"column":1}},"9":{"start":{"line":23,"column":26},"end":{"line":36,"column":1}},"10":{"start":{"line":23,"column":64},"end":{"line":36,"column":1}},"11":{"start":{"line":25,"column":4},"end":{"line":25,"column":33}},"12":{"start":{"line":26,"column":4},"end":{"line":33,"column":5}},"13":{"start":{"line":28,"column":21},"end":{"line":28,"column":51}},"14":{"start":{"line":29,"column":8},"end":{"line":29,"column":58}},"15":{"start":{"line":32,"column":8},"end":{"line":32,"column":69}}},"fnMap":{"0":{"name":"(anonymous_0)","decl":{"start":{"line":12,"column":26},"end":{"line":12,"column":27}},"loc":{"start":{"line":12,"column":39},"end":{"line":16,"column":1}},"line":12},"1":{"name":"(anonymous_1)","decl":{"start":{"line":18,"column":26},"end":{"line":18,"column":27}},"loc":{"start":{"line":18,"column":39},"end":{"line":21,"column":1}},"line":18},"2":{"name":"(anonymous_2)","decl":{"start":{"line":23,"column":26},"end":{"line":23,"column":27}},"loc":{"start":{"line":23,"column":64},"end":{"line":36,"column":1}},"line":23},"3":{"name":"(anonymous_3)","decl":{"start":{"line":23,"column":64},"end":{"line":23,"column":65}},"loc":{"start":{"line":23,"column":85},"end":{"line":36,"column":1}},"line":23}},"branchMap":{"0":{"loc":{"start":{"line":23,"column":44},"end":{"line":23,"column":59}},"type":"default-arg","locations":[{"start":{"line":23,"column":54},"end":{"line":23,"column":59}}],"line":23}},"s":{"0":2,"1":2,"2":2,"3":2,"4":2,"5":2,"6":2,"7":2,"8":4,"9":2,"10":3,"11":3,"12":3,"13":3,"14":1,"15":2},"f":{"0":2,"1":4,"2":3,"3":3},"b":{"0":[1]},"_coverageSchema":"1a1c01bbd47fc00a2c39e90264f33305004495a9","hash":"6c178f97f2656ea0eaef8cd41505c68759676309"}
,"/Users/adebolaaderemi-lateef/TNN/projects/mobileapps/simple-todo/reduxStore/reducer.js": {"path":"/Users/adebolaaderemi-lateef/TNN/projects/mobileapps/simple-todo/reduxStore/reducer.js","statementMap":{"0":{"start":{"line":6,"column":20},"end":{"line":15,"column":1}},"1":{"start":{"line":8,"column":4},"end":{"line":13,"column":5}},"2":{"start":{"line":10,"column":26},"end":{"line":10,"column":60}},"3":{"start":{"line":11,"column":17},"end":{"line":11,"column":29}},"4":{"start":{"line":17,"column":20},"end":{"line":25,"column":1}},"5":{"start":{"line":19,"column":4},"end":{"line":24,"column":5}},"6":{"start":{"line":20,"column":26},"end":{"line":20,"column":63}},"7":{"start":{"line":21,"column":31},"end":{"line":21,"column":67}},"8":{"start":{"line":22,"column":30},"end":{"line":22,"column":66}},"9":{"start":{"line":23,"column":17},"end":{"line":23,"column":29}}},"fnMap":{"0":{"name":"(anonymous_0)","decl":{"start":{"line":6,"column":20},"end":{"line":6,"column":21}},"loc":{"start":{"line":6,"column":44},"end":{"line":15,"column":1}},"line":6},"1":{"name":"(anonymous_1)","decl":{"start":{"line":17,"column":20},"end":{"line":17,"column":21}},"loc":{"start":{"line":17,"column":42},"end":{"line":25,"column":1}},"line":17}},"branchMap":{"0":{"loc":{"start":{"line":6,"column":21},"end":{"line":6,"column":31}},"type":"default-arg","locations":[{"start":{"line":6,"column":29},"end":{"line":6,"column":31}}],"line":6},"1":{"loc":{"start":{"line":8,"column":4},"end":{"line":13,"column":5}},"type":"switch","locations":[{"start":{"line":10,"column":8},"end":{"line":10,"column":60}},{"start":{"line":11,"column":8},"end":{"line":11,"column":29}}],"line":8},"2":{"loc":{"start":{"line":17,"column":21},"end":{"line":17,"column":29}},"type":"default-arg","locations":[{"start":{"line":17,"column":27},"end":{"line":17,"column":29}}],"line":17},"3":{"loc":{"start":{"line":19,"column":4},"end":{"line":24,"column":5}},"type":"switch","locations":[{"start":{"line":20,"column":8},"end":{"line":20,"column":63}},{"start":{"line":21,"column":8},"end":{"line":21,"column":67}},{"start":{"line":22,"column":8},"end":{"line":22,"column":66}},{"start":{"line":23,"column":8},"end":{"line":23,"column":29}}],"line":19}},"s":{"0":1,"1":4,"2":1,"3":3,"4":1,"5":4,"6":1,"7":0,"8":0,"9":3},"f":{"0":4,"1":4},"b":{"0":[2],"1":[1,3],"2":[2],"3":[1,0,0,3]},"_coverageSchema":"1a1c01bbd47fc00a2c39e90264f33305004495a9","hash":"0d5f4697d6c7e051dce63c6378bf01678704b602"}
}
