TN:
SF:api/login.js
FN:5,(anonymous_0)
FNF:1
FNH:1
FNDA:1,(anonymous_0)
DA:5,2
DA:8,1
DA:9,1
DA:14,0
DA:17,1
LF:5
LH:4
BRF:0
BRH:0
end_of_record
TN:
SF:components/MyButton.js
FN:4,(anonymous_0)
FN:4,(anonymous_1)
FNF:2
FNH:1
FNDA:1,(anonymous_0)
FNDA:0,(anonymous_1)
DA:4,1
LF:1
LH:1
BRF:0
BRH:0
end_of_record
TN:
SF:reduxStore/actions.js
FN:12,(anonymous_0)
FN:18,(anonymous_1)
FN:23,(anonymous_2)
FN:23,(anonymous_3)
FNF:4
FNH:4
FNDA:2,(anonymous_0)
FNDA:4,(anonymous_1)
FNDA:3,(anonymous_2)
FNDA:3,(anonymous_3)
DA:3,2
DA:5,2
DA:7,2
DA:8,2
DA:9,2
DA:12,2
DA:18,4
DA:23,3
DA:25,3
DA:26,3
DA:28,3
DA:29,1
DA:32,2
LF:13
LH:13
BRDA:23,0,0,1
BRF:1
BRH:1
end_of_record
TN:
SF:reduxStore/reducer.js
FN:6,(anonymous_0)
FN:17,(anonymous_1)
FNF:2
FNH:2
FNDA:4,(anonymous_0)
FNDA:4,(anonymous_1)
DA:6,1
DA:8,4
DA:10,1
DA:11,3
DA:17,1
DA:19,4
DA:20,1
DA:21,0
DA:22,0
DA:23,3
LF:10
LH:8
BRDA:6,0,0,2
BRDA:8,1,0,1
BRDA:8,1,1,3
BRDA:17,2,0,2
BRDA:19,3,0,1
BRDA:19,3,1,0
BRDA:19,3,2,0
BRDA:19,3,3,3
BRF:8
BRH:6
end_of_record
